2021-09-17 11:37:15,770 NanoPlot 1.32.0 started with arguments Namespace(N50=True, alength=False, bam=None, barcoded=False, color='#4CB391', colormap='Greens', cram=None, downsample=None, dpi=300, drop_outliers=False, fasta=None, fastq=None, fastq_minimal=None, fastq_rich=['barcode29.fastq'], feather=None, font_scale=1, format='png', hide_stats=False, huge=True, listcolormaps=False, listcolors=False, loglength=True, maxlength=None, minlength=None, minqual=None, no_N50=False, no_supplementary=False, outdir='barcode29', path='barcode29/barcode29_', percentqual=False, pickle=None, plots=['kde', 'hex', 'dot'], prefix='barcode29_', raw=False, readtype='1D', runtime_until=None, store=True, summary=None, threads=16, title='barcode29 Nanopore Sequence', tsv_stats=False, ubam=None, verbose=True)
2021-09-17 11:37:15,770 Python version is: 3.7.8 | packaged by conda-forge | (default, Jul 31 2020, 02:25:08)  [GCC 7.5.0]
2021-09-17 11:37:15,771 NanoPlot:  valid output format png
2021-09-17 11:37:15,771 nanoget: Running with a single huge input file.
2021-09-17 11:37:15,771 Nanoget: Starting to collect statistics from rich fastq file.
2021-09-17 11:37:15,821 Reduced DataFrame memory usage from 0.0015716552734375Mb to 0.0008859634399414062Mb
2021-09-17 11:37:15,825 Nanoget: Gathered all metrics of 8 reads
2021-09-17 11:37:15,839 Calculated statistics
2021-09-17 11:37:15,839 Using sequenced read lengths for plotting.
2021-09-17 11:37:15,840 Using log10 scaled read lengths.
2021-09-17 11:37:15,843 NanoPlot:  Valid color #4CB391.
2021-09-17 11:37:15,844 NanoPlot:  Valid colormap Greens.
2021-09-17 11:37:15,846 NanoPlot:  Creating length plots for Read length.
2021-09-17 11:37:15,846 NanoPlot:  Using 8 reads with read length N50 of 465bp and maximum of 472bp.
2021-09-17 11:37:18,220 Nanoplotter: orca not found, not creating static image of html. See https://github.com/plotly/orca
2021-09-17 11:37:18,220 Image generation requires the psutil package.

Install using pip:
    $ pip install psutil

Install using conda:
    $ conda install psutil
Traceback (most recent call last):
  File "/usr/local/lib/python3.7/site-packages/nanoplotter/plot.py", line 60, in save_static
    pio.write_image(self.fig, self.path.replace('html', 'png'))
  File "/usr/local/lib/python3.7/site-packages/plotly/io/_kaleido.py", line 251, in write_image
    engine=engine,
  File "/usr/local/lib/python3.7/site-packages/plotly/io/_kaleido.py", line 108, in to_image
    validate=validate,
  File "/usr/local/lib/python3.7/site-packages/plotly/io/_orca.py", line 1535, in to_image
    ensure_server()
  File "/usr/local/lib/python3.7/site-packages/plotly/io/_orca.py", line 1370, in ensure_server
    """
ValueError: Image generation requires the psutil package.

Install using pip:
    $ pip install psutil

Install using conda:
    $ conda install psutil

2021-09-17 11:37:18,708 Created length plots
2021-09-17 11:37:18,711 NanoPlot:  Creating Read lengths vs Average read quality plots using statistics from 8 reads.
2021-09-17 11:37:23,481 NanoPlot:  Creating Read lengths vs Average read quality plots using statistics from 8 reads.
2021-09-17 11:37:28,400 Created LengthvsQual plot
2021-09-17 11:37:28,400 Nanoplotter: Creating heatmap of reads per channel using 8 reads.
2021-09-17 11:37:29,026 Created spatialheatmap for succesfull basecalls.
2021-09-17 11:37:29,030 Nanoplotter: Creating timeplots using 8 reads.
2021-09-17 11:37:31,584 Nanoplotter: Creating timeplots using 8 reads.
2021-09-17 11:37:34,248 Created timeplots.
2021-09-17 11:37:34,248 Writing html report.
2021-09-17 11:37:40,384 Finished!
2021-09-17 11:37:41,707 NanoPlot 1.32.0 started with arguments Namespace(N50=True, alength=False, bam=None, barcoded=False, color='#4CB391', colormap='Greens', cram=None, downsample=None, dpi=100, drop_outliers=False, fasta=None, fastq=None, fastq_minimal=None, fastq_rich=None, feather=None, font_scale=1, format='pdf', hide_stats=False, huge=True, listcolormaps=False, listcolors=False, loglength=True, maxlength=None, minlength=None, minqual=None, no_N50=False, no_supplementary=False, outdir='barcode29', path='barcode29/barcode29_', percentqual=False, pickle='barcode29/barcode29_NanoPlot-data.pickle', plots=['kde', 'hex', 'dot'], prefix='barcode29_', raw=False, readtype='1D', runtime_until=None, store=True, summary=None, threads=16, title='barcode29 Nanopore Sequence', tsv_stats=False, ubam=None, verbose=True)
2021-09-17 11:37:41,707 Python version is: 3.7.8 | packaged by conda-forge | (default, Jul 31 2020, 02:25:08)  [GCC 7.5.0]
2021-09-17 11:37:41,708 NanoPlot:  valid output format pdf
2021-09-17 11:37:41,724 Calculated statistics
2021-09-17 11:37:41,725 Using sequenced read lengths for plotting.
2021-09-17 11:37:41,725 Using log10 scaled read lengths.
2021-09-17 11:37:41,728 NanoPlot:  Valid color #4CB391.
2021-09-17 11:37:41,729 NanoPlot:  Valid colormap Greens.
2021-09-17 11:37:41,730 NanoPlot:  Creating length plots for Read length.
2021-09-17 11:37:41,730 NanoPlot:  Using 8 reads with read length N50 of 465bp and maximum of 472bp.
2021-09-17 11:37:43,243 Nanoplotter: orca not found, not creating static image of html. See https://github.com/plotly/orca
2021-09-17 11:37:43,243 Image generation requires the psutil package.

Install using pip:
    $ pip install psutil

Install using conda:
    $ conda install psutil
Traceback (most recent call last):
  File "/usr/local/lib/python3.7/site-packages/nanoplotter/plot.py", line 60, in save_static
    pio.write_image(self.fig, self.path.replace('html', 'png'))
  File "/usr/local/lib/python3.7/site-packages/plotly/io/_kaleido.py", line 251, in write_image
    engine=engine,
  File "/usr/local/lib/python3.7/site-packages/plotly/io/_kaleido.py", line 108, in to_image
    validate=validate,
  File "/usr/local/lib/python3.7/site-packages/plotly/io/_orca.py", line 1535, in to_image
    ensure_server()
  File "/usr/local/lib/python3.7/site-packages/plotly/io/_orca.py", line 1370, in ensure_server
    """
ValueError: Image generation requires the psutil package.

Install using pip:
    $ pip install psutil

Install using conda:
    $ conda install psutil

2021-09-17 11:37:43,717 Created length plots
2021-09-17 11:37:43,719 NanoPlot:  Creating Read lengths vs Average read quality plots using statistics from 8 reads.
2021-09-17 11:37:47,376 NanoPlot:  Creating Read lengths vs Average read quality plots using statistics from 8 reads.
2021-09-17 11:37:51,916 Created LengthvsQual plot
2021-09-17 11:37:51,916 Nanoplotter: Creating heatmap of reads per channel using 8 reads.
2021-09-17 11:37:53,064 Created spatialheatmap for succesfull basecalls.
2021-09-17 11:37:53,068 Nanoplotter: Creating timeplots using 8 reads.
2021-09-17 11:37:57,132 Nanoplotter: Creating timeplots using 8 reads.
2021-09-17 11:37:59,944 Created timeplots.
2021-09-17 11:37:59,944 Writing html report.
2021-09-17 11:38:10,603 Finished!
