2021-09-17 11:38:04,814 NanoPlot 1.32.0 started with arguments Namespace(N50=True, alength=False, bam=None, barcoded=False, color='#4CB391', colormap='Greens', cram=None, downsample=None, dpi=100, drop_outliers=False, fasta=None, fastq=None, fastq_minimal=None, fastq_rich=None, feather=None, font_scale=1, format='pdf', hide_stats=False, huge=True, listcolormaps=False, listcolors=False, loglength=True, maxlength=None, minlength=None, minqual=None, no_N50=False, no_supplementary=False, outdir='barcode21', path='barcode21/barcode21_', percentqual=False, pickle='barcode21/barcode21_NanoPlot-data.pickle', plots=['kde', 'hex', 'dot'], prefix='barcode21_', raw=False, readtype='1D', runtime_until=None, store=True, summary=None, threads=16, title='barcode21 Nanopore Sequence', tsv_stats=False, ubam=None, verbose=True)
2021-09-17 11:38:04,815 Python version is: 3.7.8 | packaged by conda-forge | (default, Jul 31 2020, 02:25:08)  [GCC 7.5.0]
2021-09-17 11:38:04,816 NanoPlot:  valid output format pdf
2021-09-17 11:38:04,856 Calculated statistics
2021-09-17 11:38:04,857 Using sequenced read lengths for plotting.
2021-09-17 11:38:04,859 Using log10 scaled read lengths.
2021-09-17 11:38:04,864 NanoPlot:  Valid color #4CB391.
2021-09-17 11:38:04,864 NanoPlot:  Valid colormap Greens.
2021-09-17 11:38:04,870 NanoPlot:  Creating length plots for Read length.
2021-09-17 11:38:04,870 NanoPlot:  Using 52034 reads with read length N50 of 445bp and maximum of 1547bp.
2021-09-17 11:38:10,228 Nanoplotter: orca not found, not creating static image of html. See https://github.com/plotly/orca
2021-09-17 11:38:10,228 Image generation requires the psutil package.

Install using pip:
    $ pip install psutil

Install using conda:
    $ conda install psutil
Traceback (most recent call last):
  File "/usr/local/lib/python3.7/site-packages/nanoplotter/plot.py", line 60, in save_static
    pio.write_image(self.fig, self.path.replace('html', 'png'))
  File "/usr/local/lib/python3.7/site-packages/plotly/io/_kaleido.py", line 251, in write_image
    engine=engine,
  File "/usr/local/lib/python3.7/site-packages/plotly/io/_kaleido.py", line 108, in to_image
    validate=validate,
  File "/usr/local/lib/python3.7/site-packages/plotly/io/_orca.py", line 1535, in to_image
    ensure_server()
  File "/usr/local/lib/python3.7/site-packages/plotly/io/_orca.py", line 1370, in ensure_server
    """
ValueError: Image generation requires the psutil package.

Install using pip:
    $ pip install psutil

Install using conda:
    $ conda install psutil

2021-09-17 11:38:13,992 Created length plots
2021-09-17 11:38:14,017 NanoPlot:  Creating Read lengths vs Average read quality plots using statistics from 52034 reads.
2021-09-17 11:38:23,832 NanoPlot:  Creating Read lengths vs Average read quality plots using statistics from 52034 reads.
2021-09-17 11:38:31,583 Created LengthvsQual plot
2021-09-17 11:38:31,583 Nanoplotter: Creating heatmap of reads per channel using 52034 reads.
2021-09-17 11:38:32,208 Created spatialheatmap for succesfull basecalls.
2021-09-17 11:38:32,217 Nanoplotter: Creating timeplots using 52034 reads.
2021-09-17 11:38:34,966 Nanoplotter: Creating timeplots using 52034 reads.
2021-09-17 11:38:37,541 Created timeplots.
2021-09-17 11:38:37,541 Writing html report.
2021-09-17 11:38:47,722 Finished!
