2021-09-17 11:37:17,600 NanoPlot 1.32.0 started with arguments Namespace(N50=True, alength=False, bam=None, barcoded=False, color='#4CB391', colormap='Greens', cram=None, downsample=None, dpi=300, drop_outliers=False, fasta=None, fastq=None, fastq_minimal=None, fastq_rich=['barcode05.fastq'], feather=None, font_scale=1, format='png', hide_stats=False, huge=True, listcolormaps=False, listcolors=False, loglength=True, maxlength=None, minlength=None, minqual=None, no_N50=False, no_supplementary=False, outdir='barcode05', path='barcode05/barcode05_', percentqual=False, pickle=None, plots=['kde', 'hex', 'dot'], prefix='barcode05_', raw=False, readtype='1D', runtime_until=None, store=True, summary=None, threads=16, title='barcode05 Nanopore Sequence', tsv_stats=False, ubam=None, verbose=True)
2021-09-17 11:37:17,601 Python version is: 3.7.8 | packaged by conda-forge | (default, Jul 31 2020, 02:25:08)  [GCC 7.5.0]
2021-09-17 11:37:17,603 NanoPlot:  valid output format png
2021-09-17 11:37:17,604 nanoget: Running with a single huge input file.
2021-09-17 11:37:17,604 Nanoget: Starting to collect statistics from rich fastq file.
2021-09-17 11:37:27,852 Reduced DataFrame memory usage from 20.65076446533203Mb to 9.423333168029785Mb
2021-09-17 11:37:27,956 Nanoget: Gathered all metrics of 105116 reads
2021-09-17 11:37:28,014 Calculated statistics
2021-09-17 11:37:28,015 Using sequenced read lengths for plotting.
2021-09-17 11:37:28,018 Using log10 scaled read lengths.
2021-09-17 11:37:28,025 NanoPlot:  Valid color #4CB391.
2021-09-17 11:37:28,027 NanoPlot:  Valid colormap Greens.
2021-09-17 11:37:28,036 NanoPlot:  Creating length plots for Read length.
2021-09-17 11:37:28,037 NanoPlot:  Using 105116 reads with read length N50 of 448bp and maximum of 1832bp.
2021-09-17 11:37:32,431 Nanoplotter: orca not found, not creating static image of html. See https://github.com/plotly/orca
2021-09-17 11:37:32,431 Image generation requires the psutil package.

Install using pip:
    $ pip install psutil

Install using conda:
    $ conda install psutil
Traceback (most recent call last):
  File "/usr/local/lib/python3.7/site-packages/nanoplotter/plot.py", line 60, in save_static
    pio.write_image(self.fig, self.path.replace('html', 'png'))
  File "/usr/local/lib/python3.7/site-packages/plotly/io/_kaleido.py", line 251, in write_image
    engine=engine,
  File "/usr/local/lib/python3.7/site-packages/plotly/io/_kaleido.py", line 108, in to_image
    validate=validate,
  File "/usr/local/lib/python3.7/site-packages/plotly/io/_orca.py", line 1535, in to_image
    ensure_server()
  File "/usr/local/lib/python3.7/site-packages/plotly/io/_orca.py", line 1370, in ensure_server
    """
ValueError: Image generation requires the psutil package.

Install using pip:
    $ pip install psutil

Install using conda:
    $ conda install psutil

2021-09-17 11:37:33,366 Created length plots
2021-09-17 11:37:33,375 NanoPlot:  Creating Read lengths vs Average read quality plots using statistics from 105116 reads.
2021-09-17 11:37:40,626 NanoPlot:  Creating Read lengths vs Average read quality plots using statistics from 105116 reads.
2021-09-17 11:37:49,730 Created LengthvsQual plot
2021-09-17 11:37:49,731 Nanoplotter: Creating heatmap of reads per channel using 105116 reads.
2021-09-17 11:37:50,678 Created spatialheatmap for succesfull basecalls.
2021-09-17 11:37:50,692 Nanoplotter: Creating timeplots using 105116 reads.
2021-09-17 11:37:57,815 Nanoplotter: Creating timeplots using 105116 reads.
2021-09-17 11:38:04,537 Created timeplots.
2021-09-17 11:38:04,538 Writing html report.
2021-09-17 11:38:16,764 Finished!
