2021-09-17 11:37:17,373 NanoPlot 1.32.0 started with arguments Namespace(N50=True, alength=False, bam=None, barcoded=False, color='#4CB391', colormap='Greens', cram=None, downsample=None, dpi=300, drop_outliers=False, fasta=None, fastq=None, fastq_minimal=None, fastq_rich=['barcode12.fastq'], feather=None, font_scale=1, format='png', hide_stats=False, huge=True, listcolormaps=False, listcolors=False, loglength=True, maxlength=None, minlength=None, minqual=None, no_N50=False, no_supplementary=False, outdir='barcode12', path='barcode12/barcode12_', percentqual=False, pickle=None, plots=['kde', 'hex', 'dot'], prefix='barcode12_', raw=False, readtype='1D', runtime_until=None, store=True, summary=None, threads=16, title='barcode12 Nanopore Sequence', tsv_stats=False, ubam=None, verbose=True)
2021-09-17 11:37:17,373 Python version is: 3.7.8 | packaged by conda-forge | (default, Jul 31 2020, 02:25:08)  [GCC 7.5.0]
2021-09-17 11:37:17,374 NanoPlot:  valid output format png
2021-09-17 11:37:17,374 nanoget: Running with a single huge input file.
2021-09-17 11:37:17,375 Nanoget: Starting to collect statistics from rich fastq file.
2021-09-17 11:37:17,441 Reduced DataFrame memory usage from 0.039684295654296875Mb to 0.01827716827392578Mb
2021-09-17 11:37:17,446 Nanoget: Gathered all metrics of 202 reads
2021-09-17 11:37:17,460 Calculated statistics
2021-09-17 11:37:17,461 Using sequenced read lengths for plotting.
2021-09-17 11:37:17,462 Using log10 scaled read lengths.
2021-09-17 11:37:17,464 NanoPlot:  Valid color #4CB391.
2021-09-17 11:37:17,466 NanoPlot:  Valid colormap Greens.
2021-09-17 11:37:17,467 NanoPlot:  Creating length plots for Read length.
2021-09-17 11:37:17,468 NanoPlot:  Using 202 reads with read length N50 of 448bp and maximum of 509bp.
2021-09-17 11:37:19,894 Nanoplotter: orca not found, not creating static image of html. See https://github.com/plotly/orca
2021-09-17 11:37:19,894 Image generation requires the psutil package.

Install using pip:
    $ pip install psutil

Install using conda:
    $ conda install psutil
Traceback (most recent call last):
  File "/usr/local/lib/python3.7/site-packages/nanoplotter/plot.py", line 60, in save_static
    pio.write_image(self.fig, self.path.replace('html', 'png'))
  File "/usr/local/lib/python3.7/site-packages/plotly/io/_kaleido.py", line 251, in write_image
    engine=engine,
  File "/usr/local/lib/python3.7/site-packages/plotly/io/_kaleido.py", line 108, in to_image
    validate=validate,
  File "/usr/local/lib/python3.7/site-packages/plotly/io/_orca.py", line 1535, in to_image
    ensure_server()
  File "/usr/local/lib/python3.7/site-packages/plotly/io/_orca.py", line 1370, in ensure_server
    """
ValueError: Image generation requires the psutil package.

Install using pip:
    $ pip install psutil

Install using conda:
    $ conda install psutil

2021-09-17 11:37:20,375 Created length plots
2021-09-17 11:37:20,378 NanoPlot:  Creating Read lengths vs Average read quality plots using statistics from 202 reads.
2021-09-17 11:37:25,829 NanoPlot:  Creating Read lengths vs Average read quality plots using statistics from 202 reads.
2021-09-17 11:37:31,072 Created LengthvsQual plot
2021-09-17 11:37:31,073 Nanoplotter: Creating heatmap of reads per channel using 202 reads.
2021-09-17 11:37:31,848 Created spatialheatmap for succesfull basecalls.
2021-09-17 11:37:31,851 Nanoplotter: Creating timeplots using 202 reads.
2021-09-17 11:37:34,910 Nanoplotter: Creating timeplots using 202 reads.
2021-09-17 11:37:37,572 Created timeplots.
2021-09-17 11:37:37,572 Writing html report.
2021-09-17 11:37:44,970 Finished!
2021-09-17 11:37:46,587 NanoPlot 1.32.0 started with arguments Namespace(N50=True, alength=False, bam=None, barcoded=False, color='#4CB391', colormap='Greens', cram=None, downsample=None, dpi=100, drop_outliers=False, fasta=None, fastq=None, fastq_minimal=None, fastq_rich=None, feather=None, font_scale=1, format='pdf', hide_stats=False, huge=True, listcolormaps=False, listcolors=False, loglength=True, maxlength=None, minlength=None, minqual=None, no_N50=False, no_supplementary=False, outdir='barcode12', path='barcode12/barcode12_', percentqual=False, pickle='barcode12/barcode12_NanoPlot-data.pickle', plots=['kde', 'hex', 'dot'], prefix='barcode12_', raw=False, readtype='1D', runtime_until=None, store=True, summary=None, threads=16, title='barcode12 Nanopore Sequence', tsv_stats=False, ubam=None, verbose=True)
2021-09-17 11:37:46,588 Python version is: 3.7.8 | packaged by conda-forge | (default, Jul 31 2020, 02:25:08)  [GCC 7.5.0]
2021-09-17 11:37:46,588 NanoPlot:  valid output format pdf
2021-09-17 11:37:46,606 Calculated statistics
2021-09-17 11:37:46,606 Using sequenced read lengths for plotting.
2021-09-17 11:37:46,607 Using log10 scaled read lengths.
2021-09-17 11:37:46,610 NanoPlot:  Valid color #4CB391.
2021-09-17 11:37:46,610 NanoPlot:  Valid colormap Greens.
2021-09-17 11:37:46,612 NanoPlot:  Creating length plots for Read length.
2021-09-17 11:37:46,612 NanoPlot:  Using 202 reads with read length N50 of 448bp and maximum of 509bp.
2021-09-17 11:37:49,776 Nanoplotter: orca not found, not creating static image of html. See https://github.com/plotly/orca
2021-09-17 11:37:49,776 Image generation requires the psutil package.

Install using pip:
    $ pip install psutil

Install using conda:
    $ conda install psutil
Traceback (most recent call last):
  File "/usr/local/lib/python3.7/site-packages/nanoplotter/plot.py", line 60, in save_static
    pio.write_image(self.fig, self.path.replace('html', 'png'))
  File "/usr/local/lib/python3.7/site-packages/plotly/io/_kaleido.py", line 251, in write_image
    engine=engine,
  File "/usr/local/lib/python3.7/site-packages/plotly/io/_kaleido.py", line 108, in to_image
    validate=validate,
  File "/usr/local/lib/python3.7/site-packages/plotly/io/_orca.py", line 1535, in to_image
    ensure_server()
  File "/usr/local/lib/python3.7/site-packages/plotly/io/_orca.py", line 1370, in ensure_server
    """
ValueError: Image generation requires the psutil package.

Install using pip:
    $ pip install psutil

Install using conda:
    $ conda install psutil

2021-09-17 11:37:50,131 Created length plots
2021-09-17 11:37:50,133 NanoPlot:  Creating Read lengths vs Average read quality plots using statistics from 202 reads.
2021-09-17 11:37:56,671 NanoPlot:  Creating Read lengths vs Average read quality plots using statistics from 202 reads.
2021-09-17 11:38:01,955 Created LengthvsQual plot
2021-09-17 11:38:01,957 Nanoplotter: Creating heatmap of reads per channel using 202 reads.
2021-09-17 11:38:02,897 Created spatialheatmap for succesfull basecalls.
2021-09-17 11:38:02,902 Nanoplotter: Creating timeplots using 202 reads.
2021-09-17 11:38:06,601 Nanoplotter: Creating timeplots using 202 reads.
2021-09-17 11:38:09,995 Created timeplots.
2021-09-17 11:38:09,995 Writing html report.
2021-09-17 11:38:19,350 Finished!
