2021-09-17 11:37:16,130 NanoPlot 1.32.0 started with arguments Namespace(N50=True, alength=False, bam=None, barcoded=False, color='#4CB391', colormap='Greens', cram=None, downsample=None, dpi=300, drop_outliers=False, fasta=None, fastq=None, fastq_minimal=None, fastq_rich=['barcode06.fastq'], feather=None, font_scale=1, format='png', hide_stats=False, huge=True, listcolormaps=False, listcolors=False, loglength=True, maxlength=None, minlength=None, minqual=None, no_N50=False, no_supplementary=False, outdir='barcode06', path='barcode06/barcode06_', percentqual=False, pickle=None, plots=['kde', 'hex', 'dot'], prefix='barcode06_', raw=False, readtype='1D', runtime_until=None, store=True, summary=None, threads=16, title='barcode06 Nanopore Sequence', tsv_stats=False, ubam=None, verbose=True)
2021-09-17 11:37:16,131 Python version is: 3.7.8 | packaged by conda-forge | (default, Jul 31 2020, 02:25:08)  [GCC 7.5.0]
2021-09-17 11:37:16,132 NanoPlot:  valid output format png
2021-09-17 11:37:16,132 nanoget: Running with a single huge input file.
2021-09-17 11:37:16,132 Nanoget: Starting to collect statistics from rich fastq file.
2021-09-17 11:37:33,499 Reduced DataFrame memory usage from 34.89919471740723Mb to 15.925044059753418Mb
2021-09-17 11:37:33,650 Nanoget: Gathered all metrics of 177643 reads
2021-09-17 11:37:33,740 Calculated statistics
2021-09-17 11:37:33,741 Using sequenced read lengths for plotting.
2021-09-17 11:37:33,745 Using log10 scaled read lengths.
2021-09-17 11:37:33,755 NanoPlot:  Valid color #4CB391.
2021-09-17 11:37:33,757 NanoPlot:  Valid colormap Greens.
2021-09-17 11:37:33,771 NanoPlot:  Creating length plots for Read length.
2021-09-17 11:37:33,772 NanoPlot:  Using 177643 reads with read length N50 of 449bp and maximum of 1828bp.
2021-09-17 11:37:39,057 Nanoplotter: orca not found, not creating static image of html. See https://github.com/plotly/orca
2021-09-17 11:37:39,057 Image generation requires the psutil package.

Install using pip:
    $ pip install psutil

Install using conda:
    $ conda install psutil
Traceback (most recent call last):
  File "/usr/local/lib/python3.7/site-packages/nanoplotter/plot.py", line 60, in save_static
    pio.write_image(self.fig, self.path.replace('html', 'png'))
  File "/usr/local/lib/python3.7/site-packages/plotly/io/_kaleido.py", line 251, in write_image
    engine=engine,
  File "/usr/local/lib/python3.7/site-packages/plotly/io/_kaleido.py", line 108, in to_image
    validate=validate,
  File "/usr/local/lib/python3.7/site-packages/plotly/io/_orca.py", line 1535, in to_image
    ensure_server()
  File "/usr/local/lib/python3.7/site-packages/plotly/io/_orca.py", line 1370, in ensure_server
    """
ValueError: Image generation requires the psutil package.

Install using pip:
    $ pip install psutil

Install using conda:
    $ conda install psutil

2021-09-17 11:37:40,337 Created length plots
2021-09-17 11:37:40,350 NanoPlot:  Creating Read lengths vs Average read quality plots using statistics from 177643 reads.
2021-09-17 11:37:49,781 NanoPlot:  Creating Read lengths vs Average read quality plots using statistics from 177643 reads.
2021-09-17 11:38:01,876 Created LengthvsQual plot
2021-09-17 11:38:01,878 Nanoplotter: Creating heatmap of reads per channel using 177643 reads.
2021-09-17 11:38:02,695 Created spatialheatmap for succesfull basecalls.
2021-09-17 11:38:02,733 Nanoplotter: Creating timeplots using 177643 reads.
2021-09-17 11:38:10,827 Nanoplotter: Creating timeplots using 177643 reads.
2021-09-17 11:38:17,627 Created timeplots.
2021-09-17 11:38:17,627 Writing html report.
2021-09-17 11:38:26,192 Finished!
