2021-09-17 11:39:05,376 NanoPlot 1.32.0 started with arguments Namespace(N50=True, alength=False, bam=None, barcoded=False, color='#4CB391', colormap='Greens', cram=None, downsample=None, dpi=300, drop_outliers=False, fasta=None, fastq=None, fastq_minimal=None, fastq_rich=['barcode10.fastq'], feather=None, font_scale=1, format='png', hide_stats=False, huge=True, listcolormaps=False, listcolors=False, loglength=True, maxlength=None, minlength=None, minqual=None, no_N50=False, no_supplementary=False, outdir='barcode10', path='barcode10/barcode10_', percentqual=False, pickle=None, plots=['kde', 'hex', 'dot'], prefix='barcode10_', raw=False, readtype='1D', runtime_until=None, store=True, summary=None, threads=16, title='barcode10 Nanopore Sequence', tsv_stats=False, ubam=None, verbose=True)
2021-09-17 11:39:05,377 Python version is: 3.7.8 | packaged by conda-forge | (default, Jul 31 2020, 02:25:08)  [GCC 7.5.0]
2021-09-17 11:39:05,378 NanoPlot:  valid output format png
2021-09-17 11:39:05,378 nanoget: Running with a single huge input file.
2021-09-17 11:39:05,378 Nanoget: Starting to collect statistics from rich fastq file.
2021-09-17 11:39:14,937 Reduced DataFrame memory usage from 14.202262878417969Mb to 6.480813026428223Mb
2021-09-17 11:39:14,987 Nanoget: Gathered all metrics of 72292 reads
2021-09-17 11:39:15,029 Calculated statistics
2021-09-17 11:39:15,030 Using sequenced read lengths for plotting.
2021-09-17 11:39:15,032 Using log10 scaled read lengths.
2021-09-17 11:39:15,038 NanoPlot:  Valid color #4CB391.
2021-09-17 11:39:15,039 NanoPlot:  Valid colormap Greens.
2021-09-17 11:39:15,045 NanoPlot:  Creating length plots for Read length.
2021-09-17 11:39:15,046 NanoPlot:  Using 72292 reads with read length N50 of 449bp and maximum of 1576bp.
2021-09-17 11:39:20,754 Nanoplotter: orca not found, not creating static image of html. See https://github.com/plotly/orca
2021-09-17 11:39:20,755 Image generation requires the psutil package.

Install using pip:
    $ pip install psutil

Install using conda:
    $ conda install psutil
Traceback (most recent call last):
  File "/usr/local/lib/python3.7/site-packages/nanoplotter/plot.py", line 60, in save_static
    pio.write_image(self.fig, self.path.replace('html', 'png'))
  File "/usr/local/lib/python3.7/site-packages/plotly/io/_kaleido.py", line 251, in write_image
    engine=engine,
  File "/usr/local/lib/python3.7/site-packages/plotly/io/_kaleido.py", line 108, in to_image
    validate=validate,
  File "/usr/local/lib/python3.7/site-packages/plotly/io/_orca.py", line 1535, in to_image
    ensure_server()
  File "/usr/local/lib/python3.7/site-packages/plotly/io/_orca.py", line 1370, in ensure_server
    """
ValueError: Image generation requires the psutil package.

Install using pip:
    $ pip install psutil

Install using conda:
    $ conda install psutil

2021-09-17 11:39:21,574 Created length plots
2021-09-17 11:39:21,581 NanoPlot:  Creating Read lengths vs Average read quality plots using statistics from 72292 reads.
2021-09-17 11:39:30,991 NanoPlot:  Creating Read lengths vs Average read quality plots using statistics from 72292 reads.
2021-09-17 11:39:38,499 Created LengthvsQual plot
2021-09-17 11:39:38,500 Nanoplotter: Creating heatmap of reads per channel using 72292 reads.
2021-09-17 11:39:39,189 Created spatialheatmap for succesfull basecalls.
2021-09-17 11:39:39,207 Nanoplotter: Creating timeplots using 72292 reads.
2021-09-17 11:39:43,106 Nanoplotter: Creating timeplots using 72292 reads.
2021-09-17 11:39:46,718 Created timeplots.
2021-09-17 11:39:46,718 Writing html report.
2021-09-17 11:39:57,013 Finished!
2021-09-17 11:39:58,341 NanoPlot 1.32.0 started with arguments Namespace(N50=True, alength=False, bam=None, barcoded=False, color='#4CB391', colormap='Greens', cram=None, downsample=None, dpi=100, drop_outliers=False, fasta=None, fastq=None, fastq_minimal=None, fastq_rich=None, feather=None, font_scale=1, format='pdf', hide_stats=False, huge=True, listcolormaps=False, listcolors=False, loglength=True, maxlength=None, minlength=None, minqual=None, no_N50=False, no_supplementary=False, outdir='barcode10', path='barcode10/barcode10_', percentqual=False, pickle='barcode10/barcode10_NanoPlot-data.pickle', plots=['kde', 'hex', 'dot'], prefix='barcode10_', raw=False, readtype='1D', runtime_until=None, store=True, summary=None, threads=16, title='barcode10 Nanopore Sequence', tsv_stats=False, ubam=None, verbose=True)
2021-09-17 11:39:58,342 Python version is: 3.7.8 | packaged by conda-forge | (default, Jul 31 2020, 02:25:08)  [GCC 7.5.0]
2021-09-17 11:39:58,343 NanoPlot:  valid output format pdf
2021-09-17 11:39:58,396 Calculated statistics
2021-09-17 11:39:58,397 Using sequenced read lengths for plotting.
2021-09-17 11:39:58,399 Using log10 scaled read lengths.
2021-09-17 11:39:58,406 NanoPlot:  Valid color #4CB391.
2021-09-17 11:39:58,407 NanoPlot:  Valid colormap Greens.
2021-09-17 11:39:58,413 NanoPlot:  Creating length plots for Read length.
2021-09-17 11:39:58,414 NanoPlot:  Using 72292 reads with read length N50 of 449bp and maximum of 1576bp.
2021-09-17 11:40:01,252 Nanoplotter: orca not found, not creating static image of html. See https://github.com/plotly/orca
2021-09-17 11:40:01,252 Image generation requires the psutil package.

Install using pip:
    $ pip install psutil

Install using conda:
    $ conda install psutil
Traceback (most recent call last):
  File "/usr/local/lib/python3.7/site-packages/nanoplotter/plot.py", line 60, in save_static
    pio.write_image(self.fig, self.path.replace('html', 'png'))
  File "/usr/local/lib/python3.7/site-packages/plotly/io/_kaleido.py", line 251, in write_image
    engine=engine,
  File "/usr/local/lib/python3.7/site-packages/plotly/io/_kaleido.py", line 108, in to_image
    validate=validate,
  File "/usr/local/lib/python3.7/site-packages/plotly/io/_orca.py", line 1535, in to_image
    ensure_server()
  File "/usr/local/lib/python3.7/site-packages/plotly/io/_orca.py", line 1370, in ensure_server
    """
ValueError: Image generation requires the psutil package.

Install using pip:
    $ pip install psutil

Install using conda:
    $ conda install psutil

2021-09-17 11:40:05,264 Created length plots
2021-09-17 11:40:05,273 NanoPlot:  Creating Read lengths vs Average read quality plots using statistics from 72292 reads.
2021-09-17 11:40:15,801 NanoPlot:  Creating Read lengths vs Average read quality plots using statistics from 72292 reads.
2021-09-17 11:40:26,381 Created LengthvsQual plot
2021-09-17 11:40:26,382 Nanoplotter: Creating heatmap of reads per channel using 72292 reads.
2021-09-17 11:40:27,104 Created spatialheatmap for succesfull basecalls.
2021-09-17 11:40:27,116 Nanoplotter: Creating timeplots using 72292 reads.
2021-09-17 11:40:30,020 Nanoplotter: Creating timeplots using 72292 reads.
2021-09-17 11:40:32,759 Created timeplots.
2021-09-17 11:40:32,759 Writing html report.
2021-09-17 11:40:40,458 Finished!
