2021-09-17 11:37:16,397 NanoPlot 1.32.0 started with arguments Namespace(N50=True, alength=False, bam=None, barcoded=False, color='#4CB391', colormap='Greens', cram=None, downsample=None, dpi=300, drop_outliers=False, fasta=None, fastq=None, fastq_minimal=None, fastq_rich=['barcode03.fastq'], feather=None, font_scale=1, format='png', hide_stats=False, huge=True, listcolormaps=False, listcolors=False, loglength=True, maxlength=None, minlength=None, minqual=None, no_N50=False, no_supplementary=False, outdir='barcode03', path='barcode03/barcode03_', percentqual=False, pickle=None, plots=['kde', 'hex', 'dot'], prefix='barcode03_', raw=False, readtype='1D', runtime_until=None, store=True, summary=None, threads=16, title='barcode03 Nanopore Sequence', tsv_stats=False, ubam=None, verbose=True)
2021-09-17 11:37:16,397 Python version is: 3.7.8 | packaged by conda-forge | (default, Jul 31 2020, 02:25:08)  [GCC 7.5.0]
2021-09-17 11:37:16,398 NanoPlot:  valid output format png
2021-09-17 11:37:16,398 nanoget: Running with a single huge input file.
2021-09-17 11:37:16,398 Nanoget: Starting to collect statistics from rich fastq file.
2021-09-17 11:37:21,820 Reduced DataFrame memory usage from 11.021232604980469Mb to 5.029274940490723Mb
2021-09-17 11:37:21,865 Nanoget: Gathered all metrics of 56100 reads
2021-09-17 11:37:21,900 Calculated statistics
2021-09-17 11:37:21,900 Using sequenced read lengths for plotting.
2021-09-17 11:37:21,902 Using log10 scaled read lengths.
2021-09-17 11:37:21,907 NanoPlot:  Valid color #4CB391.
2021-09-17 11:37:21,909 NanoPlot:  Valid colormap Greens.
2021-09-17 11:37:21,914 NanoPlot:  Creating length plots for Read length.
2021-09-17 11:37:21,915 NanoPlot:  Using 56100 reads with read length N50 of 449bp and maximum of 1661bp.
2021-09-17 11:37:25,748 Nanoplotter: orca not found, not creating static image of html. See https://github.com/plotly/orca
2021-09-17 11:37:25,749 Image generation requires the psutil package.

Install using pip:
    $ pip install psutil

Install using conda:
    $ conda install psutil
Traceback (most recent call last):
  File "/usr/local/lib/python3.7/site-packages/nanoplotter/plot.py", line 60, in save_static
    pio.write_image(self.fig, self.path.replace('html', 'png'))
  File "/usr/local/lib/python3.7/site-packages/plotly/io/_kaleido.py", line 251, in write_image
    engine=engine,
  File "/usr/local/lib/python3.7/site-packages/plotly/io/_kaleido.py", line 108, in to_image
    validate=validate,
  File "/usr/local/lib/python3.7/site-packages/plotly/io/_orca.py", line 1535, in to_image
    ensure_server()
  File "/usr/local/lib/python3.7/site-packages/plotly/io/_orca.py", line 1370, in ensure_server
    """
ValueError: Image generation requires the psutil package.

Install using pip:
    $ pip install psutil

Install using conda:
    $ conda install psutil

2021-09-17 11:37:26,473 Created length plots
2021-09-17 11:37:26,478 NanoPlot:  Creating Read lengths vs Average read quality plots using statistics from 56100 reads.
2021-09-17 11:37:33,972 NanoPlot:  Creating Read lengths vs Average read quality plots using statistics from 56100 reads.
2021-09-17 11:37:40,813 Created LengthvsQual plot
2021-09-17 11:37:40,813 Nanoplotter: Creating heatmap of reads per channel using 56100 reads.
2021-09-17 11:37:41,446 Created spatialheatmap for succesfull basecalls.
2021-09-17 11:37:41,456 Nanoplotter: Creating timeplots using 56100 reads.
2021-09-17 11:37:45,104 Nanoplotter: Creating timeplots using 56100 reads.
2021-09-17 11:37:50,221 Created timeplots.
2021-09-17 11:37:50,222 Writing html report.
2021-09-17 11:38:03,780 Finished!
