2021-09-17 11:39:01,699 NanoPlot 1.32.0 started with arguments Namespace(N50=True, alength=False, bam=None, barcoded=False, color='#4CB391', colormap='Greens', cram=None, downsample=None, dpi=100, drop_outliers=False, fasta=None, fastq=None, fastq_minimal=None, fastq_rich=None, feather=None, font_scale=1, format='pdf', hide_stats=False, huge=True, listcolormaps=False, listcolors=False, loglength=True, maxlength=None, minlength=None, minqual=None, no_N50=False, no_supplementary=False, outdir='barcode19', path='barcode19/barcode19_', percentqual=False, pickle='barcode19/barcode19_NanoPlot-data.pickle', plots=['kde', 'hex', 'dot'], prefix='barcode19_', raw=False, readtype='1D', runtime_until=None, store=True, summary=None, threads=16, title='barcode19 Nanopore Sequence', tsv_stats=False, ubam=None, verbose=True)
2021-09-17 11:39:01,700 Python version is: 3.7.8 | packaged by conda-forge | (default, Jul 31 2020, 02:25:08)  [GCC 7.5.0]
2021-09-17 11:39:01,702 NanoPlot:  valid output format pdf
2021-09-17 11:39:01,750 Calculated statistics
2021-09-17 11:39:01,751 Using sequenced read lengths for plotting.
2021-09-17 11:39:01,752 Using log10 scaled read lengths.
2021-09-17 11:39:01,757 NanoPlot:  Valid color #4CB391.
2021-09-17 11:39:01,758 NanoPlot:  Valid colormap Greens.
2021-09-17 11:39:01,763 NanoPlot:  Creating length plots for Read length.
2021-09-17 11:39:01,764 NanoPlot:  Using 49294 reads with read length N50 of 447bp and maximum of 1769bp.
2021-09-17 11:39:05,697 Nanoplotter: orca not found, not creating static image of html. See https://github.com/plotly/orca
2021-09-17 11:39:05,697 Image generation requires the psutil package.

Install using pip:
    $ pip install psutil

Install using conda:
    $ conda install psutil
Traceback (most recent call last):
  File "/usr/local/lib/python3.7/site-packages/nanoplotter/plot.py", line 60, in save_static
    pio.write_image(self.fig, self.path.replace('html', 'png'))
  File "/usr/local/lib/python3.7/site-packages/plotly/io/_kaleido.py", line 251, in write_image
    engine=engine,
  File "/usr/local/lib/python3.7/site-packages/plotly/io/_kaleido.py", line 108, in to_image
    validate=validate,
  File "/usr/local/lib/python3.7/site-packages/plotly/io/_orca.py", line 1535, in to_image
    ensure_server()
  File "/usr/local/lib/python3.7/site-packages/plotly/io/_orca.py", line 1370, in ensure_server
    """
ValueError: Image generation requires the psutil package.

Install using pip:
    $ pip install psutil

Install using conda:
    $ conda install psutil

2021-09-17 11:39:09,180 Created length plots
2021-09-17 11:39:09,187 NanoPlot:  Creating Read lengths vs Average read quality plots using statistics from 49294 reads.
2021-09-17 11:39:20,710 NanoPlot:  Creating Read lengths vs Average read quality plots using statistics from 49294 reads.
2021-09-17 11:39:30,144 Created LengthvsQual plot
2021-09-17 11:39:30,144 Nanoplotter: Creating heatmap of reads per channel using 49294 reads.
2021-09-17 11:39:31,069 Created spatialheatmap for succesfull basecalls.
2021-09-17 11:39:31,078 Nanoplotter: Creating timeplots using 49294 reads.
2021-09-17 11:39:34,231 Nanoplotter: Creating timeplots using 49294 reads.
2021-09-17 11:39:36,787 Created timeplots.
2021-09-17 11:39:36,787 Writing html report.
2021-09-17 11:39:44,744 Finished!
