2021-09-17 11:38:23,563 NanoPlot 1.32.0 started with arguments Namespace(N50=True, alength=False, bam=None, barcoded=False, color='#4CB391', colormap='Greens', cram=None, downsample=None, dpi=300, drop_outliers=False, fasta=None, fastq=None, fastq_minimal=None, fastq_rich=['barcode20.fastq'], feather=None, font_scale=1, format='png', hide_stats=False, huge=True, listcolormaps=False, listcolors=False, loglength=True, maxlength=None, minlength=None, minqual=None, no_N50=False, no_supplementary=False, outdir='barcode20', path='barcode20/barcode20_', percentqual=False, pickle=None, plots=['kde', 'hex', 'dot'], prefix='barcode20_', raw=False, readtype='1D', runtime_until=None, store=True, summary=None, threads=16, title='barcode20 Nanopore Sequence', tsv_stats=False, ubam=None, verbose=True)
2021-09-17 11:38:23,564 Python version is: 3.7.8 | packaged by conda-forge | (default, Jul 31 2020, 02:25:08)  [GCC 7.5.0]
2021-09-17 11:38:23,565 NanoPlot:  valid output format png
2021-09-17 11:38:23,565 nanoget: Running with a single huge input file.
2021-09-17 11:38:23,565 Nanoget: Starting to collect statistics from rich fastq file.
2021-09-17 11:38:37,205 Reduced DataFrame memory usage from 28.552654266357422Mb to 13.02904987335205Mb
2021-09-17 11:38:37,328 Nanoget: Gathered all metrics of 145338 reads
2021-09-17 11:38:37,403 Calculated statistics
2021-09-17 11:38:37,404 Using sequenced read lengths for plotting.
2021-09-17 11:38:37,407 Using log10 scaled read lengths.
2021-09-17 11:38:37,416 NanoPlot:  Valid color #4CB391.
2021-09-17 11:38:37,417 NanoPlot:  Valid colormap Greens.
2021-09-17 11:38:37,429 NanoPlot:  Creating length plots for Read length.
2021-09-17 11:38:37,430 NanoPlot:  Using 145338 reads with read length N50 of 446bp and maximum of 1695bp.
2021-09-17 11:38:43,123 Nanoplotter: orca not found, not creating static image of html. See https://github.com/plotly/orca
2021-09-17 11:38:43,123 Image generation requires the psutil package.

Install using pip:
    $ pip install psutil

Install using conda:
    $ conda install psutil
Traceback (most recent call last):
  File "/usr/local/lib/python3.7/site-packages/nanoplotter/plot.py", line 60, in save_static
    pio.write_image(self.fig, self.path.replace('html', 'png'))
  File "/usr/local/lib/python3.7/site-packages/plotly/io/_kaleido.py", line 251, in write_image
    engine=engine,
  File "/usr/local/lib/python3.7/site-packages/plotly/io/_kaleido.py", line 108, in to_image
    validate=validate,
  File "/usr/local/lib/python3.7/site-packages/plotly/io/_orca.py", line 1535, in to_image
    ensure_server()
  File "/usr/local/lib/python3.7/site-packages/plotly/io/_orca.py", line 1370, in ensure_server
    """
ValueError: Image generation requires the psutil package.

Install using pip:
    $ pip install psutil

Install using conda:
    $ conda install psutil

2021-09-17 11:38:44,503 Created length plots
2021-09-17 11:38:44,515 NanoPlot:  Creating Read lengths vs Average read quality plots using statistics from 145338 reads.
2021-09-17 11:38:54,514 NanoPlot:  Creating Read lengths vs Average read quality plots using statistics from 145338 reads.
2021-09-17 11:39:05,961 Created LengthvsQual plot
2021-09-17 11:39:05,962 Nanoplotter: Creating heatmap of reads per channel using 145338 reads.
2021-09-17 11:39:06,602 Created spatialheatmap for succesfull basecalls.
2021-09-17 11:39:06,622 Nanoplotter: Creating timeplots using 145338 reads.
2021-09-17 11:39:14,000 Nanoplotter: Creating timeplots using 145338 reads.
2021-09-17 11:39:20,243 Created timeplots.
2021-09-17 11:39:20,243 Writing html report.
2021-09-17 11:39:30,863 Finished!
