2021-09-17 11:37:16,225 NanoPlot 1.32.0 started with arguments Namespace(N50=True, alength=False, bam=None, barcoded=False, color='#4CB391', colormap='Greens', cram=None, downsample=None, dpi=300, drop_outliers=False, fasta=None, fastq=None, fastq_minimal=None, fastq_rich=['barcode02.fastq'], feather=None, font_scale=1, format='png', hide_stats=False, huge=True, listcolormaps=False, listcolors=False, loglength=True, maxlength=None, minlength=None, minqual=None, no_N50=False, no_supplementary=False, outdir='barcode02', path='barcode02/barcode02_', percentqual=False, pickle=None, plots=['kde', 'hex', 'dot'], prefix='barcode02_', raw=False, readtype='1D', runtime_until=None, store=True, summary=None, threads=16, title='barcode02 Nanopore Sequence', tsv_stats=False, ubam=None, verbose=True)
2021-09-17 11:37:16,225 Python version is: 3.7.8 | packaged by conda-forge | (default, Jul 31 2020, 02:25:08)  [GCC 7.5.0]
2021-09-17 11:37:16,226 NanoPlot:  valid output format png
2021-09-17 11:37:16,227 nanoget: Running with a single huge input file.
2021-09-17 11:37:16,227 Nanoget: Starting to collect statistics from rich fastq file.
2021-09-17 11:37:29,863 Reduced DataFrame memory usage from 27.034828186035156Mb to 12.33644962310791Mb
2021-09-17 11:37:30,025 Nanoget: Gathered all metrics of 137612 reads
2021-09-17 11:37:30,097 Calculated statistics
2021-09-17 11:37:30,098 Using sequenced read lengths for plotting.
2021-09-17 11:37:30,102 Using log10 scaled read lengths.
2021-09-17 11:37:30,110 NanoPlot:  Valid color #4CB391.
2021-09-17 11:37:30,112 NanoPlot:  Valid colormap Greens.
2021-09-17 11:37:30,124 NanoPlot:  Creating length plots for Read length.
2021-09-17 11:37:30,124 NanoPlot:  Using 137612 reads with read length N50 of 448bp and maximum of 1650bp.
2021-09-17 11:37:34,876 Nanoplotter: orca not found, not creating static image of html. See https://github.com/plotly/orca
2021-09-17 11:37:34,876 Image generation requires the psutil package.

Install using pip:
    $ pip install psutil

Install using conda:
    $ conda install psutil
Traceback (most recent call last):
  File "/usr/local/lib/python3.7/site-packages/nanoplotter/plot.py", line 60, in save_static
    pio.write_image(self.fig, self.path.replace('html', 'png'))
  File "/usr/local/lib/python3.7/site-packages/plotly/io/_kaleido.py", line 251, in write_image
    engine=engine,
  File "/usr/local/lib/python3.7/site-packages/plotly/io/_kaleido.py", line 108, in to_image
    validate=validate,
  File "/usr/local/lib/python3.7/site-packages/plotly/io/_orca.py", line 1535, in to_image
    ensure_server()
  File "/usr/local/lib/python3.7/site-packages/plotly/io/_orca.py", line 1370, in ensure_server
    """
ValueError: Image generation requires the psutil package.

Install using pip:
    $ pip install psutil

Install using conda:
    $ conda install psutil

2021-09-17 11:37:35,929 Created length plots
2021-09-17 11:37:35,939 NanoPlot:  Creating Read lengths vs Average read quality plots using statistics from 137612 reads.
2021-09-17 11:37:43,734 NanoPlot:  Creating Read lengths vs Average read quality plots using statistics from 137612 reads.
2021-09-17 11:37:54,665 Created LengthvsQual plot
2021-09-17 11:37:54,671 Nanoplotter: Creating heatmap of reads per channel using 137612 reads.
2021-09-17 11:37:55,866 Created spatialheatmap for succesfull basecalls.
2021-09-17 11:37:55,885 Nanoplotter: Creating timeplots using 137612 reads.
2021-09-17 11:38:02,810 Nanoplotter: Creating timeplots using 137612 reads.
2021-09-17 11:38:10,263 Created timeplots.
2021-09-17 11:38:10,263 Writing html report.
2021-09-17 11:38:20,857 Finished!
