2021-09-17 11:37:16,323 NanoPlot 1.32.0 started with arguments Namespace(N50=True, alength=False, bam=None, barcoded=False, color='#4CB391', colormap='Greens', cram=None, downsample=None, dpi=300, drop_outliers=False, fasta=None, fastq=None, fastq_minimal=None, fastq_rich=['barcode27.fastq'], feather=None, font_scale=1, format='png', hide_stats=False, huge=True, listcolormaps=False, listcolors=False, loglength=True, maxlength=None, minlength=None, minqual=None, no_N50=False, no_supplementary=False, outdir='barcode27', path='barcode27/barcode27_', percentqual=False, pickle=None, plots=['kde', 'hex', 'dot'], prefix='barcode27_', raw=False, readtype='1D', runtime_until=None, store=True, summary=None, threads=16, title='barcode27 Nanopore Sequence', tsv_stats=False, ubam=None, verbose=True)
2021-09-17 11:37:16,323 Python version is: 3.7.8 | packaged by conda-forge | (default, Jul 31 2020, 02:25:08)  [GCC 7.5.0]
2021-09-17 11:37:16,324 NanoPlot:  valid output format png
2021-09-17 11:37:16,325 nanoget: Running with a single huge input file.
2021-09-17 11:37:16,325 Nanoget: Starting to collect statistics from rich fastq file.
2021-09-17 11:37:16,394 Reduced DataFrame memory usage from 0.04577445983886719Mb to 0.021056175231933594Mb
2021-09-17 11:37:16,399 Nanoget: Gathered all metrics of 233 reads
2021-09-17 11:37:16,412 Calculated statistics
2021-09-17 11:37:16,412 Using sequenced read lengths for plotting.
2021-09-17 11:37:16,413 Using log10 scaled read lengths.
2021-09-17 11:37:16,416 NanoPlot:  Valid color #4CB391.
2021-09-17 11:37:16,417 NanoPlot:  Valid colormap Greens.
2021-09-17 11:37:16,419 NanoPlot:  Creating length plots for Read length.
2021-09-17 11:37:16,419 NanoPlot:  Using 233 reads with read length N50 of 460bp and maximum of 476bp.
2021-09-17 11:37:18,924 Nanoplotter: orca not found, not creating static image of html. See https://github.com/plotly/orca
2021-09-17 11:37:18,925 Image generation requires the psutil package.

Install using pip:
    $ pip install psutil

Install using conda:
    $ conda install psutil
Traceback (most recent call last):
  File "/usr/local/lib/python3.7/site-packages/nanoplotter/plot.py", line 60, in save_static
    pio.write_image(self.fig, self.path.replace('html', 'png'))
  File "/usr/local/lib/python3.7/site-packages/plotly/io/_kaleido.py", line 251, in write_image
    engine=engine,
  File "/usr/local/lib/python3.7/site-packages/plotly/io/_kaleido.py", line 108, in to_image
    validate=validate,
  File "/usr/local/lib/python3.7/site-packages/plotly/io/_orca.py", line 1535, in to_image
    ensure_server()
  File "/usr/local/lib/python3.7/site-packages/plotly/io/_orca.py", line 1370, in ensure_server
    """
ValueError: Image generation requires the psutil package.

Install using pip:
    $ pip install psutil

Install using conda:
    $ conda install psutil

2021-09-17 11:37:19,423 Created length plots
2021-09-17 11:37:19,426 NanoPlot:  Creating Read lengths vs Average read quality plots using statistics from 233 reads.
2021-09-17 11:37:24,456 NanoPlot:  Creating Read lengths vs Average read quality plots using statistics from 233 reads.
2021-09-17 11:37:29,625 Created LengthvsQual plot
2021-09-17 11:37:29,626 Nanoplotter: Creating heatmap of reads per channel using 233 reads.
2021-09-17 11:37:30,357 Created spatialheatmap for succesfull basecalls.
2021-09-17 11:37:30,362 Nanoplotter: Creating timeplots using 233 reads.
2021-09-17 11:37:33,297 Nanoplotter: Creating timeplots using 233 reads.
2021-09-17 11:37:36,160 Created timeplots.
2021-09-17 11:37:36,160 Writing html report.
2021-09-17 11:37:42,985 Finished!
2021-09-17 11:37:44,579 NanoPlot 1.32.0 started with arguments Namespace(N50=True, alength=False, bam=None, barcoded=False, color='#4CB391', colormap='Greens', cram=None, downsample=None, dpi=100, drop_outliers=False, fasta=None, fastq=None, fastq_minimal=None, fastq_rich=None, feather=None, font_scale=1, format='pdf', hide_stats=False, huge=True, listcolormaps=False, listcolors=False, loglength=True, maxlength=None, minlength=None, minqual=None, no_N50=False, no_supplementary=False, outdir='barcode27', path='barcode27/barcode27_', percentqual=False, pickle='barcode27/barcode27_NanoPlot-data.pickle', plots=['kde', 'hex', 'dot'], prefix='barcode27_', raw=False, readtype='1D', runtime_until=None, store=True, summary=None, threads=16, title='barcode27 Nanopore Sequence', tsv_stats=False, ubam=None, verbose=True)
2021-09-17 11:37:44,579 Python version is: 3.7.8 | packaged by conda-forge | (default, Jul 31 2020, 02:25:08)  [GCC 7.5.0]
2021-09-17 11:37:44,580 NanoPlot:  valid output format pdf
2021-09-17 11:37:44,598 Calculated statistics
2021-09-17 11:37:44,599 Using sequenced read lengths for plotting.
2021-09-17 11:37:44,600 Using log10 scaled read lengths.
2021-09-17 11:37:44,603 NanoPlot:  Valid color #4CB391.
2021-09-17 11:37:44,603 NanoPlot:  Valid colormap Greens.
2021-09-17 11:37:44,605 NanoPlot:  Creating length plots for Read length.
2021-09-17 11:37:44,605 NanoPlot:  Using 233 reads with read length N50 of 460bp and maximum of 476bp.
2021-09-17 11:37:46,453 Nanoplotter: orca not found, not creating static image of html. See https://github.com/plotly/orca
2021-09-17 11:37:46,457 Image generation requires the psutil package.

Install using pip:
    $ pip install psutil

Install using conda:
    $ conda install psutil
Traceback (most recent call last):
  File "/usr/local/lib/python3.7/site-packages/nanoplotter/plot.py", line 60, in save_static
    pio.write_image(self.fig, self.path.replace('html', 'png'))
  File "/usr/local/lib/python3.7/site-packages/plotly/io/_kaleido.py", line 251, in write_image
    engine=engine,
  File "/usr/local/lib/python3.7/site-packages/plotly/io/_kaleido.py", line 108, in to_image
    validate=validate,
  File "/usr/local/lib/python3.7/site-packages/plotly/io/_orca.py", line 1535, in to_image
    ensure_server()
  File "/usr/local/lib/python3.7/site-packages/plotly/io/_orca.py", line 1370, in ensure_server
    """
ValueError: Image generation requires the psutil package.

Install using pip:
    $ pip install psutil

Install using conda:
    $ conda install psutil

2021-09-17 11:37:46,999 Created length plots
2021-09-17 11:37:47,003 NanoPlot:  Creating Read lengths vs Average read quality plots using statistics from 233 reads.
2021-09-17 11:37:52,205 NanoPlot:  Creating Read lengths vs Average read quality plots using statistics from 233 reads.
2021-09-17 11:37:58,022 Created LengthvsQual plot
2021-09-17 11:37:58,022 Nanoplotter: Creating heatmap of reads per channel using 233 reads.
2021-09-17 11:37:59,337 Created spatialheatmap for succesfull basecalls.
2021-09-17 11:37:59,343 Nanoplotter: Creating timeplots using 233 reads.
2021-09-17 11:38:02,942 Nanoplotter: Creating timeplots using 233 reads.
2021-09-17 11:38:06,611 Created timeplots.
2021-09-17 11:38:06,612 Writing html report.
2021-09-17 11:38:16,962 Finished!
