2021-09-17 11:37:15,701 NanoPlot 1.32.0 started with arguments Namespace(N50=True, alength=False, bam=None, barcoded=False, color='#4CB391', colormap='Greens', cram=None, downsample=None, dpi=300, drop_outliers=False, fasta=None, fastq=None, fastq_minimal=None, fastq_rich=['barcode15.fastq'], feather=None, font_scale=1, format='png', hide_stats=False, huge=True, listcolormaps=False, listcolors=False, loglength=True, maxlength=None, minlength=None, minqual=None, no_N50=False, no_supplementary=False, outdir='barcode15', path='barcode15/barcode15_', percentqual=False, pickle=None, plots=['kde', 'hex', 'dot'], prefix='barcode15_', raw=False, readtype='1D', runtime_until=None, store=True, summary=None, threads=16, title='barcode15 Nanopore Sequence', tsv_stats=False, ubam=None, verbose=True)
2021-09-17 11:37:15,702 Python version is: 3.7.8 | packaged by conda-forge | (default, Jul 31 2020, 02:25:08)  [GCC 7.5.0]
2021-09-17 11:37:15,703 NanoPlot:  valid output format png
2021-09-17 11:37:15,703 nanoget: Running with a single huge input file.
2021-09-17 11:37:15,703 Nanoget: Starting to collect statistics from rich fastq file.
2021-09-17 11:37:24,030 Reduced DataFrame memory usage from 16.926923751831055Mb to 7.724104881286621Mb
2021-09-17 11:37:24,151 Nanoget: Gathered all metrics of 86161 reads
2021-09-17 11:37:24,202 Calculated statistics
2021-09-17 11:37:24,202 Using sequenced read lengths for plotting.
2021-09-17 11:37:24,205 Using log10 scaled read lengths.
2021-09-17 11:37:24,212 NanoPlot:  Valid color #4CB391.
2021-09-17 11:37:24,213 NanoPlot:  Valid colormap Greens.
2021-09-17 11:37:24,222 NanoPlot:  Creating length plots for Read length.
2021-09-17 11:37:24,223 NanoPlot:  Using 86161 reads with read length N50 of 446bp and maximum of 1590bp.
2021-09-17 11:37:28,446 Nanoplotter: orca not found, not creating static image of html. See https://github.com/plotly/orca
2021-09-17 11:37:28,446 Image generation requires the psutil package.

Install using pip:
    $ pip install psutil

Install using conda:
    $ conda install psutil
Traceback (most recent call last):
  File "/usr/local/lib/python3.7/site-packages/nanoplotter/plot.py", line 60, in save_static
    pio.write_image(self.fig, self.path.replace('html', 'png'))
  File "/usr/local/lib/python3.7/site-packages/plotly/io/_kaleido.py", line 251, in write_image
    engine=engine,
  File "/usr/local/lib/python3.7/site-packages/plotly/io/_kaleido.py", line 108, in to_image
    validate=validate,
  File "/usr/local/lib/python3.7/site-packages/plotly/io/_orca.py", line 1535, in to_image
    ensure_server()
  File "/usr/local/lib/python3.7/site-packages/plotly/io/_orca.py", line 1370, in ensure_server
    """
ValueError: Image generation requires the psutil package.

Install using pip:
    $ pip install psutil

Install using conda:
    $ conda install psutil

2021-09-17 11:37:29,386 Created length plots
2021-09-17 11:37:29,394 NanoPlot:  Creating Read lengths vs Average read quality plots using statistics from 86161 reads.
2021-09-17 11:37:36,757 NanoPlot:  Creating Read lengths vs Average read quality plots using statistics from 86161 reads.
2021-09-17 11:37:43,858 Created LengthvsQual plot
2021-09-17 11:37:43,859 Nanoplotter: Creating heatmap of reads per channel using 86161 reads.
2021-09-17 11:37:44,575 Created spatialheatmap for succesfull basecalls.
2021-09-17 11:37:44,587 Nanoplotter: Creating timeplots using 86161 reads.
2021-09-17 11:37:50,255 Nanoplotter: Creating timeplots using 86161 reads.
2021-09-17 11:37:57,073 Created timeplots.
2021-09-17 11:37:57,074 Writing html report.
2021-09-17 11:38:10,303 Finished!
