2021-09-17 11:39:04,770 NanoPlot 1.32.0 started with arguments Namespace(N50=True, alength=False, bam=None, barcoded=False, color='#4CB391', colormap='Greens', cram=None, downsample=None, dpi=300, drop_outliers=False, fasta=None, fastq=None, fastq_minimal=None, fastq_rich=['barcode22.fastq'], feather=None, font_scale=1, format='png', hide_stats=False, huge=True, listcolormaps=False, listcolors=False, loglength=True, maxlength=None, minlength=None, minqual=None, no_N50=False, no_supplementary=False, outdir='barcode22', path='barcode22/barcode22_', percentqual=False, pickle=None, plots=['kde', 'hex', 'dot'], prefix='barcode22_', raw=False, readtype='1D', runtime_until=None, store=True, summary=None, threads=16, title='barcode22 Nanopore Sequence', tsv_stats=False, ubam=None, verbose=True)
2021-09-17 11:39:04,771 Python version is: 3.7.8 | packaged by conda-forge | (default, Jul 31 2020, 02:25:08)  [GCC 7.5.0]
2021-09-17 11:39:04,772 NanoPlot:  valid output format png
2021-09-17 11:39:04,772 nanoget: Running with a single huge input file.
2021-09-17 11:39:04,772 Nanoget: Starting to collect statistics from rich fastq file.
2021-09-17 11:39:12,470 Reduced DataFrame memory usage from 10.996282577514648Mb to 5.017889976501465Mb
2021-09-17 11:39:12,563 Nanoget: Gathered all metrics of 55973 reads
2021-09-17 11:39:12,649 Calculated statistics
2021-09-17 11:39:12,650 Using sequenced read lengths for plotting.
2021-09-17 11:39:12,653 Using log10 scaled read lengths.
2021-09-17 11:39:12,682 NanoPlot:  Valid color #4CB391.
2021-09-17 11:39:12,704 NanoPlot:  Valid colormap Greens.
2021-09-17 11:39:12,730 NanoPlot:  Creating length plots for Read length.
2021-09-17 11:39:12,730 NanoPlot:  Using 55973 reads with read length N50 of 446bp and maximum of 2710bp.
2021-09-17 11:39:17,032 Nanoplotter: orca not found, not creating static image of html. See https://github.com/plotly/orca
2021-09-17 11:39:17,032 Image generation requires the psutil package.

Install using pip:
    $ pip install psutil

Install using conda:
    $ conda install psutil
Traceback (most recent call last):
  File "/usr/local/lib/python3.7/site-packages/nanoplotter/plot.py", line 60, in save_static
    pio.write_image(self.fig, self.path.replace('html', 'png'))
  File "/usr/local/lib/python3.7/site-packages/plotly/io/_kaleido.py", line 251, in write_image
    engine=engine,
  File "/usr/local/lib/python3.7/site-packages/plotly/io/_kaleido.py", line 108, in to_image
    validate=validate,
  File "/usr/local/lib/python3.7/site-packages/plotly/io/_orca.py", line 1535, in to_image
    ensure_server()
  File "/usr/local/lib/python3.7/site-packages/plotly/io/_orca.py", line 1370, in ensure_server
    """
ValueError: Image generation requires the psutil package.

Install using pip:
    $ pip install psutil

Install using conda:
    $ conda install psutil

2021-09-17 11:39:18,190 Created length plots
2021-09-17 11:39:18,200 NanoPlot:  Creating Read lengths vs Average read quality plots using statistics from 55973 reads.
2021-09-17 11:39:27,801 NanoPlot:  Creating Read lengths vs Average read quality plots using statistics from 55973 reads.
2021-09-17 11:39:35,717 Created LengthvsQual plot
2021-09-17 11:39:35,717 Nanoplotter: Creating heatmap of reads per channel using 55973 reads.
2021-09-17 11:39:36,387 Created spatialheatmap for succesfull basecalls.
2021-09-17 11:39:36,396 Nanoplotter: Creating timeplots using 55973 reads.
2021-09-17 11:39:40,020 Nanoplotter: Creating timeplots using 55973 reads.
2021-09-17 11:39:43,684 Created timeplots.
2021-09-17 11:39:43,684 Writing html report.
2021-09-17 11:39:53,373 Finished!
2021-09-17 11:39:55,182 NanoPlot 1.32.0 started with arguments Namespace(N50=True, alength=False, bam=None, barcoded=False, color='#4CB391', colormap='Greens', cram=None, downsample=None, dpi=100, drop_outliers=False, fasta=None, fastq=None, fastq_minimal=None, fastq_rich=None, feather=None, font_scale=1, format='pdf', hide_stats=False, huge=True, listcolormaps=False, listcolors=False, loglength=True, maxlength=None, minlength=None, minqual=None, no_N50=False, no_supplementary=False, outdir='barcode22', path='barcode22/barcode22_', percentqual=False, pickle='barcode22/barcode22_NanoPlot-data.pickle', plots=['kde', 'hex', 'dot'], prefix='barcode22_', raw=False, readtype='1D', runtime_until=None, store=True, summary=None, threads=16, title='barcode22 Nanopore Sequence', tsv_stats=False, ubam=None, verbose=True)
2021-09-17 11:39:55,183 Python version is: 3.7.8 | packaged by conda-forge | (default, Jul 31 2020, 02:25:08)  [GCC 7.5.0]
2021-09-17 11:39:55,183 NanoPlot:  valid output format pdf
2021-09-17 11:39:55,226 Calculated statistics
2021-09-17 11:39:55,227 Using sequenced read lengths for plotting.
2021-09-17 11:39:55,228 Using log10 scaled read lengths.
2021-09-17 11:39:55,233 NanoPlot:  Valid color #4CB391.
2021-09-17 11:39:55,234 NanoPlot:  Valid colormap Greens.
2021-09-17 11:39:55,240 NanoPlot:  Creating length plots for Read length.
2021-09-17 11:39:55,240 NanoPlot:  Using 55973 reads with read length N50 of 446bp and maximum of 2710bp.
2021-09-17 11:39:58,063 Nanoplotter: orca not found, not creating static image of html. See https://github.com/plotly/orca
2021-09-17 11:39:58,063 Image generation requires the psutil package.

Install using pip:
    $ pip install psutil

Install using conda:
    $ conda install psutil
Traceback (most recent call last):
  File "/usr/local/lib/python3.7/site-packages/nanoplotter/plot.py", line 60, in save_static
    pio.write_image(self.fig, self.path.replace('html', 'png'))
  File "/usr/local/lib/python3.7/site-packages/plotly/io/_kaleido.py", line 251, in write_image
    engine=engine,
  File "/usr/local/lib/python3.7/site-packages/plotly/io/_kaleido.py", line 108, in to_image
    validate=validate,
  File "/usr/local/lib/python3.7/site-packages/plotly/io/_orca.py", line 1535, in to_image
    ensure_server()
  File "/usr/local/lib/python3.7/site-packages/plotly/io/_orca.py", line 1370, in ensure_server
    """
ValueError: Image generation requires the psutil package.

Install using pip:
    $ pip install psutil

Install using conda:
    $ conda install psutil

2021-09-17 11:40:00,629 Created length plots
2021-09-17 11:40:00,638 NanoPlot:  Creating Read lengths vs Average read quality plots using statistics from 55973 reads.
2021-09-17 11:40:10,663 NanoPlot:  Creating Read lengths vs Average read quality plots using statistics from 55973 reads.
2021-09-17 11:40:19,164 Created LengthvsQual plot
2021-09-17 11:40:19,164 Nanoplotter: Creating heatmap of reads per channel using 55973 reads.
2021-09-17 11:40:19,786 Created spatialheatmap for succesfull basecalls.
2021-09-17 11:40:19,795 Nanoplotter: Creating timeplots using 55973 reads.
2021-09-17 11:40:23,324 Nanoplotter: Creating timeplots using 55973 reads.
2021-09-17 11:40:26,031 Created timeplots.
2021-09-17 11:40:26,032 Writing html report.
2021-09-17 11:40:33,672 Finished!
