2021-09-17 11:39:09,950 NanoPlot 1.32.0 started with arguments Namespace(N50=True, alength=False, bam=None, barcoded=False, color='#4CB391', colormap='Greens', cram=None, downsample=None, dpi=300, drop_outliers=False, fasta=None, fastq=None, fastq_minimal=None, fastq_rich=['barcode13.fastq'], feather=None, font_scale=1, format='png', hide_stats=False, huge=True, listcolormaps=False, listcolors=False, loglength=True, maxlength=None, minlength=None, minqual=None, no_N50=False, no_supplementary=False, outdir='barcode13', path='barcode13/barcode13_', percentqual=False, pickle=None, plots=['kde', 'hex', 'dot'], prefix='barcode13_', raw=False, readtype='1D', runtime_until=None, store=True, summary=None, threads=16, title='barcode13 Nanopore Sequence', tsv_stats=False, ubam=None, verbose=True)
2021-09-17 11:39:09,951 Python version is: 3.7.8 | packaged by conda-forge | (default, Jul 31 2020, 02:25:08)  [GCC 7.5.0]
2021-09-17 11:39:09,952 NanoPlot:  valid output format png
2021-09-17 11:39:09,952 nanoget: Running with a single huge input file.
2021-09-17 11:39:09,953 Nanoget: Starting to collect statistics from rich fastq file.
2021-09-17 11:39:23,982 Reduced DataFrame memory usage from 21.08493423461914Mb to 9.62144947052002Mb
2021-09-17 11:39:24,084 Nanoget: Gathered all metrics of 107326 reads
2021-09-17 11:39:24,145 Calculated statistics
2021-09-17 11:39:24,146 Using sequenced read lengths for plotting.
2021-09-17 11:39:24,152 Using log10 scaled read lengths.
2021-09-17 11:39:24,163 NanoPlot:  Valid color #4CB391.
2021-09-17 11:39:24,166 NanoPlot:  Valid colormap Greens.
2021-09-17 11:39:24,180 NanoPlot:  Creating length plots for Read length.
2021-09-17 11:39:24,181 NanoPlot:  Using 107326 reads with read length N50 of 447bp and maximum of 2339bp.
2021-09-17 11:39:29,367 Nanoplotter: orca not found, not creating static image of html. See https://github.com/plotly/orca
2021-09-17 11:39:29,367 Image generation requires the psutil package.

Install using pip:
    $ pip install psutil

Install using conda:
    $ conda install psutil
Traceback (most recent call last):
  File "/usr/local/lib/python3.7/site-packages/nanoplotter/plot.py", line 60, in save_static
    pio.write_image(self.fig, self.path.replace('html', 'png'))
  File "/usr/local/lib/python3.7/site-packages/plotly/io/_kaleido.py", line 251, in write_image
    engine=engine,
  File "/usr/local/lib/python3.7/site-packages/plotly/io/_kaleido.py", line 108, in to_image
    validate=validate,
  File "/usr/local/lib/python3.7/site-packages/plotly/io/_orca.py", line 1535, in to_image
    ensure_server()
  File "/usr/local/lib/python3.7/site-packages/plotly/io/_orca.py", line 1370, in ensure_server
    """
ValueError: Image generation requires the psutil package.

Install using pip:
    $ pip install psutil

Install using conda:
    $ conda install psutil

2021-09-17 11:39:30,786 Created length plots
2021-09-17 11:39:30,795 NanoPlot:  Creating Read lengths vs Average read quality plots using statistics from 107326 reads.
2021-09-17 11:39:38,612 NanoPlot:  Creating Read lengths vs Average read quality plots using statistics from 107326 reads.
2021-09-17 11:39:45,971 Created LengthvsQual plot
2021-09-17 11:39:45,972 Nanoplotter: Creating heatmap of reads per channel using 107326 reads.
2021-09-17 11:39:46,861 Created spatialheatmap for succesfull basecalls.
2021-09-17 11:39:46,911 Nanoplotter: Creating timeplots using 107326 reads.
2021-09-17 11:39:51,912 Nanoplotter: Creating timeplots using 107326 reads.
2021-09-17 11:39:56,848 Created timeplots.
2021-09-17 11:39:56,848 Writing html report.
2021-09-17 11:40:04,734 Finished!
