2021-09-17 11:38:21,028 NanoPlot 1.32.0 started with arguments Namespace(N50=True, alength=False, bam=None, barcoded=False, color='#4CB391', colormap='Greens', cram=None, downsample=None, dpi=300, drop_outliers=False, fasta=None, fastq=None, fastq_minimal=None, fastq_rich=['barcode08.fastq'], feather=None, font_scale=1, format='png', hide_stats=False, huge=True, listcolormaps=False, listcolors=False, loglength=True, maxlength=None, minlength=None, minqual=None, no_N50=False, no_supplementary=False, outdir='barcode08', path='barcode08/barcode08_', percentqual=False, pickle=None, plots=['kde', 'hex', 'dot'], prefix='barcode08_', raw=False, readtype='1D', runtime_until=None, store=True, summary=None, threads=16, title='barcode08 Nanopore Sequence', tsv_stats=False, ubam=None, verbose=True)
2021-09-17 11:38:21,028 Python version is: 3.7.8 | packaged by conda-forge | (default, Jul 31 2020, 02:25:08)  [GCC 7.5.0]
2021-09-17 11:38:21,029 NanoPlot:  valid output format png
2021-09-17 11:38:21,029 nanoget: Running with a single huge input file.
2021-09-17 11:38:21,030 Nanoget: Starting to collect statistics from rich fastq file.
2021-09-17 11:38:32,774 Reduced DataFrame memory usage from 24.338064193725586Mb to 11.105887413024902Mb
2021-09-17 11:38:32,876 Nanoget: Gathered all metrics of 123885 reads
2021-09-17 11:38:32,941 Calculated statistics
2021-09-17 11:38:32,942 Using sequenced read lengths for plotting.
2021-09-17 11:38:32,945 Using log10 scaled read lengths.
2021-09-17 11:38:32,953 NanoPlot:  Valid color #4CB391.
2021-09-17 11:38:32,955 NanoPlot:  Valid colormap Greens.
2021-09-17 11:38:32,965 NanoPlot:  Creating length plots for Read length.
2021-09-17 11:38:32,966 NanoPlot:  Using 123885 reads with read length N50 of 448bp and maximum of 2217bp.
2021-09-17 11:38:37,385 Nanoplotter: orca not found, not creating static image of html. See https://github.com/plotly/orca
2021-09-17 11:38:37,385 Image generation requires the psutil package.

Install using pip:
    $ pip install psutil

Install using conda:
    $ conda install psutil
Traceback (most recent call last):
  File "/usr/local/lib/python3.7/site-packages/nanoplotter/plot.py", line 60, in save_static
    pio.write_image(self.fig, self.path.replace('html', 'png'))
  File "/usr/local/lib/python3.7/site-packages/plotly/io/_kaleido.py", line 251, in write_image
    engine=engine,
  File "/usr/local/lib/python3.7/site-packages/plotly/io/_kaleido.py", line 108, in to_image
    validate=validate,
  File "/usr/local/lib/python3.7/site-packages/plotly/io/_orca.py", line 1535, in to_image
    ensure_server()
  File "/usr/local/lib/python3.7/site-packages/plotly/io/_orca.py", line 1370, in ensure_server
    """
ValueError: Image generation requires the psutil package.

Install using pip:
    $ pip install psutil

Install using conda:
    $ conda install psutil

2021-09-17 11:38:38,409 Created length plots
2021-09-17 11:38:38,425 NanoPlot:  Creating Read lengths vs Average read quality plots using statistics from 123885 reads.
2021-09-17 11:38:47,959 NanoPlot:  Creating Read lengths vs Average read quality plots using statistics from 123885 reads.
2021-09-17 11:38:57,550 Created LengthvsQual plot
2021-09-17 11:38:57,550 Nanoplotter: Creating heatmap of reads per channel using 123885 reads.
2021-09-17 11:38:58,173 Created spatialheatmap for succesfull basecalls.
2021-09-17 11:38:58,189 Nanoplotter: Creating timeplots using 123885 reads.
2021-09-17 11:39:05,369 Nanoplotter: Creating timeplots using 123885 reads.
2021-09-17 11:39:11,527 Created timeplots.
2021-09-17 11:39:11,527 Writing html report.
2021-09-17 11:39:22,369 Finished!
