2021-09-17 11:37:17,702 NanoPlot 1.32.0 started with arguments Namespace(N50=True, alength=False, bam=None, barcoded=False, color='#4CB391', colormap='Greens', cram=None, downsample=None, dpi=300, drop_outliers=False, fasta=None, fastq=None, fastq_minimal=None, fastq_rich=['barcode17.fastq'], feather=None, font_scale=1, format='png', hide_stats=False, huge=True, listcolormaps=False, listcolors=False, loglength=True, maxlength=None, minlength=None, minqual=None, no_N50=False, no_supplementary=False, outdir='barcode17', path='barcode17/barcode17_', percentqual=False, pickle=None, plots=['kde', 'hex', 'dot'], prefix='barcode17_', raw=False, readtype='1D', runtime_until=None, store=True, summary=None, threads=16, title='barcode17 Nanopore Sequence', tsv_stats=False, ubam=None, verbose=True)
2021-09-17 11:37:17,703 Python version is: 3.7.8 | packaged by conda-forge | (default, Jul 31 2020, 02:25:08)  [GCC 7.5.0]
2021-09-17 11:37:17,706 NanoPlot:  valid output format png
2021-09-17 11:37:17,707 nanoget: Running with a single huge input file.
2021-09-17 11:37:17,707 Nanoget: Starting to collect statistics from rich fastq file.
2021-09-17 11:37:24,851 Reduced DataFrame memory usage from 14.50323486328125Mb to 6.618149757385254Mb
2021-09-17 11:37:24,906 Nanoget: Gathered all metrics of 73824 reads
2021-09-17 11:37:24,951 Calculated statistics
2021-09-17 11:37:24,951 Using sequenced read lengths for plotting.
2021-09-17 11:37:24,954 Using log10 scaled read lengths.
2021-09-17 11:37:24,959 NanoPlot:  Valid color #4CB391.
2021-09-17 11:37:24,961 NanoPlot:  Valid colormap Greens.
2021-09-17 11:37:24,968 NanoPlot:  Creating length plots for Read length.
2021-09-17 11:37:24,968 NanoPlot:  Using 73824 reads with read length N50 of 447bp and maximum of 1654bp.
2021-09-17 11:37:29,034 Nanoplotter: orca not found, not creating static image of html. See https://github.com/plotly/orca
2021-09-17 11:37:29,034 Image generation requires the psutil package.

Install using pip:
    $ pip install psutil

Install using conda:
    $ conda install psutil
Traceback (most recent call last):
  File "/usr/local/lib/python3.7/site-packages/nanoplotter/plot.py", line 60, in save_static
    pio.write_image(self.fig, self.path.replace('html', 'png'))
  File "/usr/local/lib/python3.7/site-packages/plotly/io/_kaleido.py", line 251, in write_image
    engine=engine,
  File "/usr/local/lib/python3.7/site-packages/plotly/io/_kaleido.py", line 108, in to_image
    validate=validate,
  File "/usr/local/lib/python3.7/site-packages/plotly/io/_orca.py", line 1535, in to_image
    ensure_server()
  File "/usr/local/lib/python3.7/site-packages/plotly/io/_orca.py", line 1370, in ensure_server
    """
ValueError: Image generation requires the psutil package.

Install using pip:
    $ pip install psutil

Install using conda:
    $ conda install psutil

2021-09-17 11:37:29,844 Created length plots
2021-09-17 11:37:29,851 NanoPlot:  Creating Read lengths vs Average read quality plots using statistics from 73824 reads.
2021-09-17 11:37:37,256 NanoPlot:  Creating Read lengths vs Average read quality plots using statistics from 73824 reads.
2021-09-17 11:37:44,212 Created LengthvsQual plot
2021-09-17 11:37:44,213 Nanoplotter: Creating heatmap of reads per channel using 73824 reads.
2021-09-17 11:37:44,902 Created spatialheatmap for succesfull basecalls.
2021-09-17 11:37:44,913 Nanoplotter: Creating timeplots using 73824 reads.
2021-09-17 11:37:50,286 Nanoplotter: Creating timeplots using 73824 reads.
2021-09-17 11:37:56,863 Created timeplots.
2021-09-17 11:37:56,863 Writing html report.
2021-09-17 11:38:09,524 Finished!
