2021-09-17 11:38:52,538 NanoPlot 1.32.0 started with arguments Namespace(N50=True, alength=False, bam=None, barcoded=False, color='#4CB391', colormap='Greens', cram=None, downsample=None, dpi=300, drop_outliers=False, fasta=None, fastq=None, fastq_minimal=None, fastq_rich=['barcode26.fastq'], feather=None, font_scale=1, format='png', hide_stats=False, huge=True, listcolormaps=False, listcolors=False, loglength=True, maxlength=None, minlength=None, minqual=None, no_N50=False, no_supplementary=False, outdir='barcode26', path='barcode26/barcode26_', percentqual=False, pickle=None, plots=['kde', 'hex', 'dot'], prefix='barcode26_', raw=False, readtype='1D', runtime_until=None, store=True, summary=None, threads=16, title='barcode26 Nanopore Sequence', tsv_stats=False, ubam=None, verbose=True)
2021-09-17 11:38:52,539 Python version is: 3.7.8 | packaged by conda-forge | (default, Jul 31 2020, 02:25:08)  [GCC 7.5.0]
2021-09-17 11:38:52,540 NanoPlot:  valid output format png
2021-09-17 11:38:52,540 nanoget: Running with a single huge input file.
2021-09-17 11:38:52,540 Nanoget: Starting to collect statistics from rich fastq file.
2021-09-17 11:38:52,597 Reduced DataFrame memory usage from 0.01964569091796875Mb to 0.009133338928222656Mb
2021-09-17 11:38:52,601 Nanoget: Gathered all metrics of 100 reads
2021-09-17 11:38:52,614 Calculated statistics
2021-09-17 11:38:52,615 Using sequenced read lengths for plotting.
2021-09-17 11:38:52,616 Using log10 scaled read lengths.
2021-09-17 11:38:52,618 NanoPlot:  Valid color #4CB391.
2021-09-17 11:38:52,620 NanoPlot:  Valid colormap Greens.
2021-09-17 11:38:52,621 NanoPlot:  Creating length plots for Read length.
2021-09-17 11:38:52,622 NanoPlot:  Using 100 reads with read length N50 of 460bp and maximum of 484bp.
2021-09-17 11:38:56,114 Nanoplotter: orca not found, not creating static image of html. See https://github.com/plotly/orca
2021-09-17 11:38:56,115 Image generation requires the psutil package.

Install using pip:
    $ pip install psutil

Install using conda:
    $ conda install psutil
Traceback (most recent call last):
  File "/usr/local/lib/python3.7/site-packages/nanoplotter/plot.py", line 60, in save_static
    pio.write_image(self.fig, self.path.replace('html', 'png'))
  File "/usr/local/lib/python3.7/site-packages/plotly/io/_kaleido.py", line 251, in write_image
    engine=engine,
  File "/usr/local/lib/python3.7/site-packages/plotly/io/_kaleido.py", line 108, in to_image
    validate=validate,
  File "/usr/local/lib/python3.7/site-packages/plotly/io/_orca.py", line 1535, in to_image
    ensure_server()
  File "/usr/local/lib/python3.7/site-packages/plotly/io/_orca.py", line 1370, in ensure_server
    """
ValueError: Image generation requires the psutil package.

Install using pip:
    $ pip install psutil

Install using conda:
    $ conda install psutil

2021-09-17 11:38:56,944 Created length plots
2021-09-17 11:38:56,956 NanoPlot:  Creating Read lengths vs Average read quality plots using statistics from 100 reads.
2021-09-17 11:39:05,173 NanoPlot:  Creating Read lengths vs Average read quality plots using statistics from 100 reads.
2021-09-17 11:39:11,737 Created LengthvsQual plot
2021-09-17 11:39:11,738 Nanoplotter: Creating heatmap of reads per channel using 100 reads.
2021-09-17 11:39:12,752 Created spatialheatmap for succesfull basecalls.
2021-09-17 11:39:12,756 Nanoplotter: Creating timeplots using 100 reads.
2021-09-17 11:39:16,071 Nanoplotter: Creating timeplots using 100 reads.
2021-09-17 11:39:20,793 Created timeplots.
2021-09-17 11:39:20,794 Writing html report.
2021-09-17 11:39:29,177 Finished!
